[INFO] Scanning for projects...
[INFO] 
[INFO] ---------------------< com.example:gateway-admin >----------------------
[INFO] Building gateway-admin 1.0.0
[INFO] --------------------------------[ jar ]---------------------------------
[INFO] 
[INFO] >>> spring-boot-maven-plugin:3.2.0:run (default-cli) > test-compile @ gateway-admin >>>
[INFO] 
[INFO] --- maven-resources-plugin:3.3.1:resources (default-resources) @ gateway-admin ---
[INFO] Copying 1 resource from src\main\resources to target\classes
[INFO] Copying 2 resources from src\main\resources to target\classes
[INFO] 
[INFO] --- maven-compiler-plugin:3.11.0:compile (default-compile) @ gateway-admin ---
[INFO] Changes detected - recompiling the module! :source
[INFO] Compiling 16 source files with javac [debug release 17] to target\classes
[INFO] 
[INFO] --- maven-resources-plugin:3.3.1:testResources (default-testResources) @ gateway-admin ---
[INFO] skip non existing resourceDirectory D:\source\gateway-admin\src\test\resources
[INFO] 
[INFO] --- maven-compiler-plugin:3.11.0:testCompile (default-testCompile) @ gateway-admin ---
[INFO] No sources to compile
[INFO] 
[INFO] <<< spring-boot-maven-plugin:3.2.0:run (default-cli) < test-compile @ gateway-admin <<<
[INFO] 
[INFO] 
[INFO] --- spring-boot-maven-plugin:3.2.0:run (default-cli) @ gateway-admin ---
[INFO] Attaching agents: []

  .   ____          _            __ _ _
 /\\ / ___'_ __ _ _(_)_ __  __ _ \ \ \ \
( ( )\___ | '_ | '_| | '_ \/ _` | \ \ \ \
 \\/  ___)| |_)| | | | | || (_| |  ) ) ) )
  '  |____| .__|_| |_|_| |_\__, | / / / /
 =========|_|==============|___/=/_/_/_/
 :: Spring Boot ::                (v3.2.0)

2026-03-07T19:49:37.103+08:00  INFO 30336 --- [gateway-admin] [           main] c.e.g.GatewayAdminApplication            : Starting GatewayAdminApplication using Java 17.0.12 with PID 30336 (D:\source\gateway-admin\target\classes started by leoli in D:\source\gateway-admin)
2026-03-07T19:49:37.105+08:00 DEBUG 30336 --- [gateway-admin] [           main] c.e.g.GatewayAdminApplication            : Running with Spring Boot v3.2.0, Spring v6.1.1
2026-03-07T19:49:37.105+08:00  INFO 30336 --- [gateway-admin] [           main] c.e.g.GatewayAdminApplication            : The following 1 profile is active: "dev"
2026-03-07T19:49:37.521+08:00  INFO 30336 --- [gateway-admin] [           main] o.s.cloud.context.scope.GenericScope     : BeanFactory id=04a9540a-b364-36a1-8c21-cc14dbb31ecb
2026-03-07T19:49:37.733+08:00  INFO 30336 --- [gateway-admin] [           main] o.s.b.w.embedded.tomcat.TomcatWebServer  : Tomcat initialized with port 8081 (http)
2026-03-07T19:49:37.738+08:00  INFO 30336 --- [gateway-admin] [           main] o.apache.catalina.core.StandardService   : Starting service [Tomcat]
2026-03-07T19:49:37.741+08:00  INFO 30336 --- [gateway-admin] [           main] o.apache.catalina.core.StandardEngine    : Starting Servlet engine: [Apache Tomcat/10.1.16]
2026-03-07T19:49:37.780+08:00  INFO 30336 --- [gateway-admin] [           main] o.a.c.c.C.[Tomcat].[localhost].[/]       : Initializing Spring embedded WebApplicationContext
2026-03-07T19:49:37.781+08:00  INFO 30336 --- [gateway-admin] [           main] w.s.c.ServletWebServerApplicationContext : Root WebApplicationContext: initialization completed in 645 ms
2026-03-07T19:49:37.817+08:00  INFO 30336 --- [gateway-admin] [           main] c.alibaba.nacos.client.utils.ParamUtil   : [settings] [req-serv] nacos-server port:8848
2026-03-07T19:49:37.818+08:00  INFO 30336 --- [gateway-admin] [           main] c.alibaba.nacos.client.utils.ParamUtil   : [settings] [http-client] connect timeout:1000
2026-03-07T19:49:37.819+08:00  INFO 30336 --- [gateway-admin] [       Thread-2] c.a.n.c.a.r.identify.CredentialWatcher   : null No credential found
2026-03-07T19:49:37.819+08:00  INFO 30336 --- [gateway-admin] [           main] c.alibaba.nacos.client.utils.ParamUtil   : PER_TASK_CONFIG_SIZE: 3000.0
2026-03-07T19:49:37.838+08:00  INFO 30336 --- [gateway-admin] [           main] c.a.n.p.a.s.c.ClientAuthPluginManager    : [ClientAuthPluginManager] Load ClientAuthService com.alibaba.nacos.client.auth.impl.NacosClientAuthServiceImpl success.
2026-03-07T19:49:37.838+08:00  INFO 30336 --- [gateway-admin] [           main] c.a.n.p.a.s.c.ClientAuthPluginManager    : [ClientAuthPluginManager] Load ClientAuthService com.alibaba.nacos.client.auth.ram.RamClientAuthServiceImpl success.
2026-03-07T19:49:37.843+08:00  INFO 30336 --- [gateway-admin] [           main] com.alibaba.nacos.client.naming          : initializer namespace from ans.namespace attribute : null
2026-03-07T19:49:37.844+08:00  INFO 30336 --- [gateway-admin] [           main] com.alibaba.nacos.client.naming          : initializer namespace from ALIBABA_ALIWARE_NAMESPACE attribute :null
2026-03-07T19:49:37.844+08:00  INFO 30336 --- [gateway-admin] [           main] com.alibaba.nacos.client.naming          : initializer namespace from namespace attribute :null
2026-03-07T19:49:37.851+08:00  INFO 30336 --- [gateway-admin] [           main] c.a.n.p.a.s.c.ClientAuthPluginManager    : [ClientAuthPluginManager] Load ClientAuthService com.alibaba.nacos.client.auth.impl.NacosClientAuthServiceImpl success.
2026-03-07T19:49:37.851+08:00  INFO 30336 --- [gateway-admin] [           main] c.a.n.p.a.s.c.ClientAuthPluginManager    : [ClientAuthPluginManager] Load ClientAuthService com.alibaba.nacos.client.auth.ram.RamClientAuthServiceImpl success.
2026-03-07T19:49:37.856+08:00  INFO 30336 --- [gateway-admin] [           main] com.alibaba.nacos.common.remote.client   : [RpcClientFactory] create a new rpc client of 0ff9a3be-5778-4cf6-8e4d-f01027aa3a35
2026-03-07T19:49:37.871+08:00  INFO 30336 --- [gateway-admin] [           main] com.alibaba.nacos.client.naming          : Create naming rpc client for uuid->0ff9a3be-5778-4cf6-8e4d-f01027aa3a35
2026-03-07T19:49:37.872+08:00  INFO 30336 --- [gateway-admin] [           main] com.alibaba.nacos.common.remote.client   : [0ff9a3be-5778-4cf6-8e4d-f01027aa3a35] RpcClient init, ServerListFactory = com.alibaba.nacos.client.naming.core.ServerListManager
2026-03-07T19:49:37.872+08:00  INFO 30336 --- [gateway-admin] [           main] com.alibaba.nacos.common.remote.client   : [0ff9a3be-5778-4cf6-8e4d-f01027aa3a35] Registry connection listener to current client:com.alibaba.nacos.client.naming.remote.gprc.redo.NamingGrpcRedoService
2026-03-07T19:49:37.872+08:00  INFO 30336 --- [gateway-admin] [           main] com.alibaba.nacos.common.remote.client   : [0ff9a3be-5778-4cf6-8e4d-f01027aa3a35] Register server push request handler:com.alibaba.nacos.client.naming.remote.gprc.NamingPushRequestHandler
2026-03-07T19:49:37.872+08:00  INFO 30336 --- [gateway-admin] [           main] com.alibaba.nacos.common.remote.client   : [0ff9a3be-5778-4cf6-8e4d-f01027aa3a35] Try to connect to server on start up, server: {serverIp = '127.0.0.1', server main port = 8848}
2026-03-07T19:49:37.894+08:00  INFO 30336 --- [gateway-admin] [           main] c.a.n.c.remote.client.grpc.GrpcClient    : grpc client connection server:127.0.0.1 ip,serverPort:9848,grpcTslConfig:{"sslProvider":"","enableTls":false,"mutualAuthEnable":false,"trustAll":false}
2026-03-07T19:49:38.507+08:00  INFO 30336 --- [gateway-admin] [           main] c.a.n.c.a.AbstractAbilityControlManager  : Ready to get current node abilities...
2026-03-07T19:49:38.513+08:00  INFO 30336 --- [gateway-admin] [           main] c.a.n.c.a.AbstractAbilityControlManager  : Ready to initialize current node abilities, support modes: [SDK_CLIENT]
2026-03-07T19:49:38.514+08:00  INFO 30336 --- [gateway-admin] [           main] c.a.n.c.a.AbstractAbilityControlManager  : Initialize current abilities finish...
2026-03-07T19:49:38.514+08:00  INFO 30336 --- [gateway-admin] [           main] c.a.n.c.a.d.NacosAbilityManagerHolder    : [AbilityControlManager] Successfully initialize AbilityControlManager
2026-03-07T19:49:38.528+08:00  INFO 30336 --- [gateway-admin] [           main] com.alibaba.nacos.common.remote.client   : [0ff9a3be-5778-4cf6-8e4d-f01027aa3a35] Success to connect to server [127.0.0.1:8848] on start up, connectionId = 1772884178459_127.0.0.1_56698
2026-03-07T19:49:38.528+08:00  INFO 30336 --- [gateway-admin] [t.remote.worker] com.alibaba.nacos.common.remote.client   : [0ff9a3be-5778-4cf6-8e4d-f01027aa3a35] Notify connected event to listeners.
2026-03-07T19:49:38.528+08:00  INFO 30336 --- [gateway-admin] [           main] com.alibaba.nacos.common.remote.client   : [0ff9a3be-5778-4cf6-8e4d-f01027aa3a35] Register server push request handler:com.alibaba.nacos.common.remote.client.RpcClient$ConnectResetRequestHandler
2026-03-07T19:49:38.528+08:00  INFO 30336 --- [gateway-admin] [t.remote.worker] com.alibaba.nacos.client.naming          : Grpc connection connect
2026-03-07T19:49:38.528+08:00  INFO 30336 --- [gateway-admin] [           main] com.alibaba.nacos.common.remote.client   : [0ff9a3be-5778-4cf6-8e4d-f01027aa3a35] Register server push request handler:com.alibaba.nacos.common.remote.client.RpcClient$$Lambda$679/0x00000216475550c8
2026-03-07T19:49:38.528+08:00  INFO 30336 --- [gateway-admin] [           main] c.e.g.config.NacosConfigManager          : NacosConfigManager initialized, serverAddr: 127.0.0.1:8848, namespace: public (id: )
2026-03-07T19:49:38.540+08:00  INFO 30336 --- [gateway-admin] [           main] c.a.n.c.c.impl.LocalConfigInfoProcessor  : LOCAL_SNAPSHOT_PATH:C:\Users\leoli\nacos\config
2026-03-07T19:49:38.540+08:00  INFO 30336 --- [gateway-admin] [           main] com.alibaba.nacos.common.remote.client   : [RpcClientFactory] create a new rpc client of b3fbd325-7123-411c-b15f-5be67ba2f7c4_config-0
2026-03-07T19:49:38.542+08:00  INFO 30336 --- [gateway-admin] [           main] com.alibaba.nacos.common.remote.client   : [b3fbd325-7123-411c-b15f-5be67ba2f7c4_config-0] Register server push request handler:com.alibaba.nacos.client.config.impl.ClientWorker$ConfigRpcTransportClient$$Lambda$680/0x0000021647558638
2026-03-07T19:49:38.542+08:00  INFO 30336 --- [gateway-admin] [           main] com.alibaba.nacos.common.remote.client   : [b3fbd325-7123-411c-b15f-5be67ba2f7c4_config-0] Register server push request handler:com.alibaba.nacos.client.config.impl.ClientWorker$ConfigRpcTransportClient$$Lambda$681/0x0000021647558858
2026-03-07T19:49:38.542+08:00  INFO 30336 --- [gateway-admin] [           main] com.alibaba.nacos.common.remote.client   : [b3fbd325-7123-411c-b15f-5be67ba2f7c4_config-0] Registry connection listener to current client:com.alibaba.nacos.client.config.impl.ClientWorker$ConfigRpcTransportClient$1
2026-03-07T19:49:38.542+08:00  INFO 30336 --- [gateway-admin] [           main] com.alibaba.nacos.common.remote.client   : [b3fbd325-7123-411c-b15f-5be67ba2f7c4_config-0] RpcClient init, ServerListFactory = com.alibaba.nacos.client.config.impl.ClientWorker$ConfigRpcTransportClient$2
2026-03-07T19:49:38.542+08:00  INFO 30336 --- [gateway-admin] [           main] com.alibaba.nacos.common.remote.client   : [b3fbd325-7123-411c-b15f-5be67ba2f7c4_config-0] Try to connect to server on start up, server: {serverIp = '127.0.0.1', server main port = 8848}
2026-03-07T19:49:38.542+08:00  INFO 30336 --- [gateway-admin] [           main] c.a.n.c.remote.client.grpc.GrpcClient    : grpc client connection server:127.0.0.1 ip,serverPort:9848,grpcTslConfig:{"sslProvider":"","enableTls":false,"mutualAuthEnable":false,"trustAll":false}
2026-03-07T19:49:38.552+08:00  INFO 30336 --- [gateway-admin] [           main] com.alibaba.nacos.common.remote.client   : [b3fbd325-7123-411c-b15f-5be67ba2f7c4_config-0] Success to connect to server [127.0.0.1:8848] on start up, connectionId = 1772884178545_127.0.0.1_56699
2026-03-07T19:49:38.552+08:00  INFO 30336 --- [gateway-admin] [           main] com.alibaba.nacos.common.remote.client   : [b3fbd325-7123-411c-b15f-5be67ba2f7c4_config-0] Register server push request handler:com.alibaba.nacos.common.remote.client.RpcClient$ConnectResetRequestHandler
2026-03-07T19:49:38.552+08:00  INFO 30336 --- [gateway-admin] [t.remote.worker] com.alibaba.nacos.common.remote.client   : [b3fbd325-7123-411c-b15f-5be67ba2f7c4_config-0] Notify connected event to listeners.
2026-03-07T19:49:38.552+08:00  INFO 30336 --- [gateway-admin] [           main] com.alibaba.nacos.common.remote.client   : [b3fbd325-7123-411c-b15f-5be67ba2f7c4_config-0] Register server push request handler:com.alibaba.nacos.common.remote.client.RpcClient$$Lambda$679/0x00000216475550c8
2026-03-07T19:49:38.552+08:00  INFO 30336 --- [gateway-admin] [t.remote.worker] c.a.n.client.config.impl.ClientWorker    : [b3fbd325-7123-411c-b15f-5be67ba2f7c4_config-0] Connected,notify listen context...
2026-03-07T19:49:38.578+08:00  INFO 30336 --- [gateway-admin] [           main] c.a.nacos.client.config.impl.Limiter     : limitTime:5.0
2026-03-07T19:49:38.590+08:00 DEBUG 30336 --- [gateway-admin] [           main] c.e.g.config.NacosConfigManager          : Got config from Nacos, dataId: gateway-plugins.json, content length: 0
2026-03-07T19:49:38.590+08:00  INFO 30336 --- [gateway-admin] [           main] c.e.gatewayadmin.service.PluginService   : No plugins config found in Nacos, using empty config
2026-03-07T19:49:38.595+08:00  INFO 30336 --- [gateway-admin] [           main] c.a.nacos.client.config.utils.JvmUtil    : isMultiInstance:false
2026-03-07T19:49:38.595+08:00 DEBUG 30336 --- [gateway-admin] [           main] c.e.g.config.NacosConfigManager          : Got config from Nacos, dataId: gateway-routes.json, content length: 289
2026-03-07T19:49:38.606+08:00  INFO 30336 --- [gateway-admin] [           main] c.e.gatewayadmin.service.RouteService    : Loaded 1 routes from Nacos
2026-03-07T19:49:38.611+08:00 DEBUG 30336 --- [gateway-admin] [           main] c.e.g.config.NacosConfigManager          : Got config from Nacos, dataId: gateway-services.json, content length: 374
2026-03-07T19:49:38.616+08:00  INFO 30336 --- [gateway-admin] [           main] c.e.gatewayadmin.service.ServiceManager  : Loaded 1 services from Nacos
2026-03-07T19:49:38.648+08:00  INFO 30336 --- [gateway-admin] [           main] o.s.b.a.w.s.WelcomePageHandlerMapping    : Adding welcome page template: index
2026-03-07T19:49:38.792+08:00  INFO 30336 --- [gateway-admin] [           main] c.a.cloud.nacos.NacosConfigProperties    : set nacos config namespace 'public' to ''
2026-03-07T19:49:38.795+08:00  INFO 30336 --- [gateway-admin] [           main] c.a.n.p.a.s.c.ClientAuthPluginManager    : [ClientAuthPluginManager] Load ClientAuthService com.alibaba.nacos.client.auth.impl.NacosClientAuthServiceImpl success.
2026-03-07T19:49:38.795+08:00  INFO 30336 --- [gateway-admin] [           main] c.a.n.p.a.s.c.ClientAuthPluginManager    : [ClientAuthPluginManager] Load ClientAuthService com.alibaba.nacos.client.auth.ram.RamClientAuthServiceImpl success.
2026-03-07T19:49:39.551+08:00  INFO 30336 --- [gateway-admin] [           main] o.s.b.w.embedded.tomcat.TomcatWebServer  : Tomcat started on port 8081 (http) with context path ''
2026-03-07T19:49:39.556+08:00  INFO 30336 --- [gateway-admin] [           main] com.alibaba.nacos.client.naming          : initializer namespace from ans.namespace attribute : null
2026-03-07T19:49:39.556+08:00  INFO 30336 --- [gateway-admin] [           main] com.alibaba.nacos.client.naming          : initializer namespace from ALIBABA_ALIWARE_NAMESPACE attribute :null
2026-03-07T19:49:39.556+08:00  INFO 30336 --- [gateway-admin] [           main] com.alibaba.nacos.client.naming          : initializer namespace from namespace attribute :null
2026-03-07T19:49:39.556+08:00  INFO 30336 --- [gateway-admin] [           main] c.a.n.p.a.s.c.ClientAuthPluginManager    : [ClientAuthPluginManager] Load ClientAuthService com.alibaba.nacos.client.auth.impl.NacosClientAuthServiceImpl success.
2026-03-07T19:49:39.556+08:00  INFO 30336 --- [gateway-admin] [           main] c.a.n.p.a.s.c.ClientAuthPluginManager    : [ClientAuthPluginManager] Load ClientAuthService com.alibaba.nacos.client.auth.ram.RamClientAuthServiceImpl success.
2026-03-07T19:49:39.556+08:00  INFO 30336 --- [gateway-admin] [           main] com.alibaba.nacos.common.remote.client   : [RpcClientFactory] create a new rpc client of 0f597bc4-ee0b-4f87-aae7-b68a45b03557
2026-03-07T19:49:39.556+08:00  INFO 30336 --- [gateway-admin] [           main] com.alibaba.nacos.client.naming          : Create naming rpc client for uuid->0f597bc4-ee0b-4f87-aae7-b68a45b03557
2026-03-07T19:49:39.556+08:00  INFO 30336 --- [gateway-admin] [           main] com.alibaba.nacos.common.remote.client   : [0f597bc4-ee0b-4f87-aae7-b68a45b03557] RpcClient init, ServerListFactory = com.alibaba.nacos.client.naming.core.ServerListManager
2026-03-07T19:49:39.556+08:00  INFO 30336 --- [gateway-admin] [           main] com.alibaba.nacos.common.remote.client   : [0f597bc4-ee0b-4f87-aae7-b68a45b03557] Registry connection listener to current client:com.alibaba.nacos.client.naming.remote.gprc.redo.NamingGrpcRedoService
2026-03-07T19:49:39.556+08:00  INFO 30336 --- [gateway-admin] [           main] com.alibaba.nacos.common.remote.client   : [0f597bc4-ee0b-4f87-aae7-b68a45b03557] Register server push request handler:com.alibaba.nacos.client.naming.remote.gprc.NamingPushRequestHandler
2026-03-07T19:49:39.556+08:00  INFO 30336 --- [gateway-admin] [           main] com.alibaba.nacos.common.remote.client   : [0f597bc4-ee0b-4f87-aae7-b68a45b03557] Try to connect to server on start up, server: {serverIp = '127.0.0.1', server main port = 8848}
2026-03-07T19:49:39.556+08:00  INFO 30336 --- [gateway-admin] [           main] c.a.n.c.remote.client.grpc.GrpcClient    : grpc client connection server:127.0.0.1 ip,serverPort:9848,grpcTslConfig:{"sslProvider":"","enableTls":false,"mutualAuthEnable":false,"trustAll":false}
2026-03-07T19:49:39.568+08:00  INFO 30336 --- [gateway-admin] [           main] com.alibaba.nacos.common.remote.client   : [0f597bc4-ee0b-4f87-aae7-b68a45b03557] Success to connect to server [127.0.0.1:8848] on start up, connectionId = 1772884179561_127.0.0.1_64875
2026-03-07T19:49:39.568+08:00  INFO 30336 --- [gateway-admin] [           main] com.alibaba.nacos.common.remote.client   : [0f597bc4-ee0b-4f87-aae7-b68a45b03557] Register server push request handler:com.alibaba.nacos.common.remote.client.RpcClient$ConnectResetRequestHandler
2026-03-07T19:49:39.568+08:00  INFO 30336 --- [gateway-admin] [t.remote.worker] com.alibaba.nacos.common.remote.client   : [0f597bc4-ee0b-4f87-aae7-b68a45b03557] Notify connected event to listeners.
2026-03-07T19:49:39.568+08:00  INFO 30336 --- [gateway-admin] [           main] com.alibaba.nacos.common.remote.client   : [0f597bc4-ee0b-4f87-aae7-b68a45b03557] Register server push request handler:com.alibaba.nacos.common.remote.client.RpcClient$$Lambda$679/0x00000216475550c8
2026-03-07T19:49:39.568+08:00  INFO 30336 --- [gateway-admin] [t.remote.worker] com.alibaba.nacos.client.naming          : Grpc connection connect
2026-03-07T19:49:39.573+08:00  INFO 30336 --- [gateway-admin] [           main] com.alibaba.nacos.client.naming          : [REGISTER-SERVICE] public registering service gateway-admin with instance Instance{instanceId='null', ip='192.168.1.10', port=8081, weight=1.0, healthy=true, enabled=true, ephemeral=true, clusterName='DEFAULT', serviceName='null', metadata={IPv6=null, preserved.register.source=SPRING_CLOUD}}
2026-03-07T19:49:39.578+08:00  INFO 30336 --- [gateway-admin] [           main] c.a.c.n.registry.NacosServiceRegistry    : nacos registry, DEFAULT_GROUP gateway-admin 192.168.1.10:8081 register finished
2026-03-07T19:49:39.859+08:00  INFO 30336 --- [gateway-admin] [           main] c.e.g.GatewayAdminApplication            : Started GatewayAdminApplication in 3.359 seconds (process running for 3.568)
========================================
  Gateway Admin Console Started!
  API Base URL: http://localhost:8081/api
========================================
2026-03-07T19:52:45.031+08:00  INFO 30336 --- [gateway-admin] [nio-8081-exec-1] o.a.c.c.C.[Tomcat].[localhost].[/]       : Initializing Spring DispatcherServlet 'dispatcherServlet'
2026-03-07T19:52:45.033+08:00  INFO 30336 --- [gateway-admin] [nio-8081-exec-1] o.s.web.servlet.DispatcherServlet        : Initializing Servlet 'dispatcherServlet'
2026-03-07T19:52:45.036+08:00  INFO 30336 --- [gateway-admin] [nio-8081-exec-1] o.s.web.servlet.DispatcherServlet        : Completed initialization in 2 ms
2026-03-07T19:55:34.146+08:00  WARN 30336 --- [gateway-admin] [       Thread-3] c.a.n.common.http.HttpClientBeanHolder   : [HttpClientBeanHolder] Start destroying common HttpClient
2026-03-07T19:55:34.146+08:00  WARN 30336 --- [gateway-admin] [       Thread-9] c.a.nacos.common.notify.NotifyCenter     : [NotifyCenter] Start destroying Publisher
2026-03-07T19:55:34.151+08:00  WARN 30336 --- [gateway-admin] [       Thread-3] c.a.n.common.http.HttpClientBeanHolder   : [HttpClientBeanHolder] Destruction of the end
2026-03-07T19:55:34.151+08:00  WARN 30336 --- [gateway-admin] [       Thread-9] c.a.nacos.common.notify.NotifyCenter     : [NotifyCenter] Destruction of the end
2026-03-07T19:55:34.175+08:00  INFO 30336 --- [gateway-admin] [ionShutdownHook] c.a.c.n.registry.NacosServiceRegistry    : De-registering from Nacos Server now...
2026-03-07T19:55:34.175+08:00  INFO 30336 --- [gateway-admin] [ionShutdownHook] com.alibaba.nacos.client.naming          : [DEREGISTER-SERVICE] public deregistering service gateway-admin with instance: Instance{instanceId='null', ip='192.168.1.10', port=8081, weight=1.0, healthy=true, enabled=true, ephemeral=true, clusterName='DEFAULT', serviceName='null', metadata={}}
2026-03-07T19:55:34.178+08:00  INFO 30336 --- [gateway-admin] [ionShutdownHook] c.a.c.n.registry.NacosServiceRegistry    : De-registration finished.
2026-03-07T19:55:34.180+08:00  INFO 30336 --- [gateway-admin] [ionShutdownHook] com.alibaba.nacos.client.naming          : com.alibaba.nacos.client.naming.cache.ServiceInfoHolder do shutdown begin
2026-03-07T19:55:34.180+08:00  INFO 30336 --- [gateway-admin] [ionShutdownHook] com.alibaba.nacos.client.naming          : com.alibaba.nacos.client.naming.backups.FailoverReactor do shutdown begin
2026-03-07T19:55:34.181+08:00  INFO 30336 --- [gateway-admin] [ionShutdownHook] com.alibaba.nacos.client.naming          : com.alibaba.nacos.client.naming.backups.FailoverReactor do shutdown stop
2026-03-07T19:55:34.181+08:00  INFO 30336 --- [gateway-admin] [ionShutdownHook] com.alibaba.nacos.client.naming          : com.alibaba.nacos.client.naming.cache.ServiceInfoHolder do shutdown stop
2026-03-07T19:55:34.182+08:00  INFO 30336 --- [gateway-admin] [ionShutdownHook] com.alibaba.nacos.client.naming          : com.alibaba.nacos.client.naming.remote.NamingClientProxyDelegate do shutdown begin
2026-03-07T19:55:34.182+08:00  INFO 30336 --- [gateway-admin] [ionShutdownHook] com.alibaba.nacos.client.naming          : com.alibaba.nacos.client.naming.core.ServiceInfoUpdateService do shutdown begin
2026-03-07T19:55:34.183+08:00  INFO 30336 --- [gateway-admin] [ionShutdownHook] com.alibaba.nacos.client.naming          : com.alibaba.nacos.client.naming.core.ServiceInfoUpdateService do shutdown stop
2026-03-07T19:55:34.183+08:00  INFO 30336 --- [gateway-admin] [ionShutdownHook] com.alibaba.nacos.client.naming          : com.alibaba.nacos.client.naming.core.ServerListManager do shutdown begin
2026-03-07T19:55:34.183+08:00  WARN 30336 --- [gateway-admin] [ionShutdownHook] com.alibaba.nacos.client.naming          : [NamingHttpClientManager] Start destroying NacosRestTemplate
2026-03-07T19:55:34.184+08:00  WARN 30336 --- [gateway-admin] [ionShutdownHook] com.alibaba.nacos.client.naming          : [NamingHttpClientManager] Destruction of the end
2026-03-07T19:55:34.184+08:00  INFO 30336 --- [gateway-admin] [ionShutdownHook] com.alibaba.nacos.client.naming          : com.alibaba.nacos.client.naming.core.ServerListManager do shutdown stop
2026-03-07T19:55:34.185+08:00  INFO 30336 --- [gateway-admin] [ionShutdownHook] com.alibaba.nacos.client.naming          : com.alibaba.nacos.client.naming.remote.http.NamingHttpClientProxy do shutdown begin
2026-03-07T19:55:34.185+08:00  WARN 30336 --- [gateway-admin] [ionShutdownHook] com.alibaba.nacos.client.naming          : [NamingHttpClientManager] Start destroying NacosRestTemplate
2026-03-07T19:55:34.185+08:00  WARN 30336 --- [gateway-admin] [ionShutdownHook] com.alibaba.nacos.client.naming          : [NamingHttpClientManager] Destruction of the end
2026-03-07T19:55:34.186+08:00  INFO 30336 --- [gateway-admin] [ionShutdownHook] com.alibaba.nacos.client.naming          : com.alibaba.nacos.client.naming.remote.http.NamingHttpClientProxy do shutdown stop
2026-03-07T19:55:34.186+08:00  INFO 30336 --- [gateway-admin] [ionShutdownHook] com.alibaba.nacos.client.naming          : Shutdown naming grpc client proxy for  uuid->0f597bc4-ee0b-4f87-aae7-b68a45b03557
2026-03-07T19:55:34.186+08:00  INFO 30336 --- [gateway-admin] [ionShutdownHook] com.alibaba.nacos.client.naming          : Shutdown grpc redo service executor java.util.concurrent.ScheduledThreadPoolExecutor@66e59c91[Running, pool size = 1, active threads = 0, queued tasks = 1, completed tasks = 117]
2026-03-07T19:55:34.187+08:00  INFO 30336 --- [gateway-admin] [ionShutdownHook] com.alibaba.nacos.common.remote.client   : Shutdown rpc client, set status to shutdown
2026-03-07T19:55:34.187+08:00  INFO 30336 --- [gateway-admin] [ionShutdownHook] com.alibaba.nacos.common.remote.client   : Shutdown client event executor java.util.concurrent.ScheduledThreadPoolExecutor@1f011cd7[Running, pool size = 2, active threads = 2, queued tasks = 0, completed tasks = 0]
2026-03-07T19:55:34.188+08:00  INFO 30336 --- [gateway-admin] [ionShutdownHook] com.alibaba.nacos.common.remote.client   : Close current connection 1772884179561_127.0.0.1_64875
2026-03-07T19:55:34.189+08:00  INFO 30336 --- [gateway-admin] [or-127.0.0.1-78] c.a.n.c.remote.client.grpc.GrpcClient    : [1772884179561_127.0.0.1_64875]Ignore complete event,isRunning:false,isAbandon=false
2026-03-07T19:55:34.190+08:00  INFO 30336 --- [gateway-admin] [ionShutdownHook] c.a.n.c.remote.client.grpc.GrpcClient    : Shutdown grpc executor java.util.concurrent.ThreadPoolExecutor@875d57d[Running, pool size = 5, active threads = 0, queued tasks = 0, completed tasks = 79]
2026-03-07T19:55:34.191+08:00  INFO 30336 --- [gateway-admin] [ionShutdownHook] com.alibaba.nacos.client.naming          : shutdown and remove naming rpc client  for uuid ->0f597bc4-ee0b-4f87-aae7-b68a45b03557
2026-03-07T19:55:34.191+08:00  INFO 30336 --- [gateway-admin] [ionShutdownHook] c.a.n.c.a.r.identify.CredentialWatcher   : [null] CredentialWatcher is stopped
2026-03-07T19:55:34.192+08:00  INFO 30336 --- [gateway-admin] [ionShutdownHook] c.a.n.c.a.r.identify.CredentialService   : [null] CredentialService is freed
2026-03-07T19:55:34.192+08:00  INFO 30336 --- [gateway-admin] [ionShutdownHook] com.alibaba.nacos.client.naming          : com.alibaba.nacos.client.naming.remote.NamingClientProxyDelegate do shutdown stop
2026-03-07T19:55:34.193+08:00  INFO 30336 --- [gateway-admin] [ionShutdownHook] c.a.n.client.config.impl.ClientWorker    : com.alibaba.nacos.client.config.impl.ClientWorker do shutdown begin
2026-03-07T19:55:34.194+08:00  INFO 30336 --- [gateway-admin] [ionShutdownHook] c.a.n.client.config.impl.ClientWorker    : Trying to shutdown transport client com.alibaba.nacos.client.config.impl.ClientWorker$ConfigRpcTransportClient@574e7b3a
2026-03-07T19:55:34.194+08:00  INFO 30336 --- [gateway-admin] [ionShutdownHook] c.a.n.client.config.impl.ClientWorker    : Trying to shutdown rpc client b3fbd325-7123-411c-b15f-5be67ba2f7c4_config-0
2026-03-07T19:55:34.194+08:00  INFO 30336 --- [gateway-admin] [ionShutdownHook] com.alibaba.nacos.common.remote.client   : Shutdown rpc client, set status to shutdown
2026-03-07T19:55:34.195+08:00  INFO 30336 --- [gateway-admin] [ionShutdownHook] com.alibaba.nacos.common.remote.client   : Shutdown client event executor java.util.concurrent.ScheduledThreadPoolExecutor@6edaee16[Running, pool size = 2, active threads = 2, queued tasks = 0, completed tasks = 0]
2026-03-07T19:55:34.195+08:00  INFO 30336 --- [gateway-admin] [ionShutdownHook] com.alibaba.nacos.common.remote.client   : Close current connection 1772884178545_127.0.0.1_56699
2026-03-07T19:55:34.195+08:00  INFO 30336 --- [gateway-admin] [ionShutdownHook] c.a.n.c.remote.client.grpc.GrpcClient    : Shutdown grpc executor java.util.concurrent.ThreadPoolExecutor@5671b486[Running, pool size = 2, active threads = 0, queued tasks = 0, completed tasks = 79]
2026-03-07T19:55:34.195+08:00  INFO 30336 --- [gateway-admin] [ionShutdownHook] c.a.n.client.config.impl.ClientWorker    : Remove rpc client b3fbd325-7123-411c-b15f-5be67ba2f7c4_config-0
2026-03-07T19:55:34.196+08:00  INFO 30336 --- [gateway-admin] [ionShutdownHook] c.a.n.client.config.impl.ClientWorker    : Shutdown executor java.util.concurrent.ScheduledThreadPoolExecutor@70894d08[Running, pool size = 16, active threads = 1, queued tasks = 1, completed tasks = 72]
2026-03-07T19:55:34.197+08:00  INFO 30336 --- [gateway-admin] [ionShutdownHook] c.a.n.client.config.impl.ClientWorker    : com.alibaba.nacos.client.config.impl.ClientWorker do shutdown stop
2026-03-07T19:55:34.198+08:00  INFO 30336 --- [gateway-admin] [ionShutdownHook] c.e.g.config.NacosConfigManager          : NacosConfigManager destroyed
[INFO] ------------------------------------------------------------------------
[INFO] BUILD SUCCESS
[INFO] ------------------------------------------------------------------------
[INFO] Total time:  06:02 min
[INFO] Finished at: 2026-03-07T19:55:34+08:00
[INFO] ------------------------------------------------------------------------
笝砦蠶揭燴紱釬鎘(Y/N)? 
