[INFO] Scanning for projects...
[INFO] 
[INFO] ---------------------< com.example:gateway-admin >----------------------
[INFO] Building gateway-admin 1.0.0
[INFO] --------------------------------[ jar ]---------------------------------
[INFO] 
[INFO] >>> spring-boot-maven-plugin:3.2.0:run (default-cli) > test-compile @ gateway-admin >>>
[INFO] 
[INFO] --- maven-resources-plugin:3.3.1:resources (default-resources) @ gateway-admin ---
[INFO] Copying 1 resource from src\main\resources to target\classes
[INFO] Copying 2 resources from src\main\resources to target\classes
[INFO] 
[INFO] --- maven-compiler-plugin:3.11.0:compile (default-compile) @ gateway-admin ---
[INFO] Nothing to compile - all classes are up to date
[INFO] 
[INFO] --- maven-resources-plugin:3.3.1:testResources (default-testResources) @ gateway-admin ---
[INFO] skip non existing resourceDirectory D:\source\gateway-admin\src\test\resources
[INFO] 
[INFO] --- maven-compiler-plugin:3.11.0:testCompile (default-testCompile) @ gateway-admin ---
[INFO] No sources to compile
[INFO] 
[INFO] <<< spring-boot-maven-plugin:3.2.0:run (default-cli) < test-compile @ gateway-admin <<<
[INFO] 
[INFO] 
[INFO] --- spring-boot-maven-plugin:3.2.0:run (default-cli) @ gateway-admin ---
[INFO] Attaching agents: []

  .   ____          _            __ _ _
 /\\ / ___'_ __ _ _(_)_ __  __ _ \ \ \ \
( ( )\___ | '_ | '_| | '_ \/ _` | \ \ \ \
 \\/  ___)| |_)| | | | | || (_| |  ) ) ) )
  '  |____| .__|_| |_|_| |_\__, | / / / /
 =========|_|==============|___/=/_/_/_/
 :: Spring Boot ::                (v3.2.0)

2026-03-07T19:17:22.575+08:00  INFO 21696 --- [gateway-admin] [           main] c.e.g.GatewayAdminApplication            : Starting GatewayAdminApplication using Java 17.0.12 with PID 21696 (D:\source\gateway-admin\target\classes started by leoli in D:\source\gateway-admin)
2026-03-07T19:17:22.581+08:00 DEBUG 21696 --- [gateway-admin] [           main] c.e.g.GatewayAdminApplication            : Running with Spring Boot v3.2.0, Spring v6.1.1
2026-03-07T19:17:22.581+08:00  INFO 21696 --- [gateway-admin] [           main] c.e.g.GatewayAdminApplication            : The following 1 profile is active: "dev"
2026-03-07T19:17:23.228+08:00  INFO 21696 --- [gateway-admin] [           main] o.s.cloud.context.scope.GenericScope     : BeanFactory id=04a9540a-b364-36a1-8c21-cc14dbb31ecb
2026-03-07T19:17:23.572+08:00  INFO 21696 --- [gateway-admin] [           main] o.s.b.w.embedded.tomcat.TomcatWebServer  : Tomcat initialized with port 8081 (http)
2026-03-07T19:17:23.577+08:00  INFO 21696 --- [gateway-admin] [           main] o.apache.catalina.core.StandardService   : Starting service [Tomcat]
2026-03-07T19:17:23.582+08:00  INFO 21696 --- [gateway-admin] [           main] o.apache.catalina.core.StandardEngine    : Starting Servlet engine: [Apache Tomcat/10.1.16]
2026-03-07T19:17:23.634+08:00  INFO 21696 --- [gateway-admin] [           main] o.a.c.c.C.[Tomcat].[localhost].[/]       : Initializing Spring embedded WebApplicationContext
2026-03-07T19:17:23.636+08:00  INFO 21696 --- [gateway-admin] [           main] w.s.c.ServletWebServerApplicationContext : Root WebApplicationContext: initialization completed in 1009 ms
2026-03-07T19:17:23.683+08:00  INFO 21696 --- [gateway-admin] [           main] c.alibaba.nacos.client.utils.ParamUtil   : [settings] [req-serv] nacos-server port:8848
2026-03-07T19:17:23.684+08:00  INFO 21696 --- [gateway-admin] [           main] c.alibaba.nacos.client.utils.ParamUtil   : [settings] [http-client] connect timeout:1000
2026-03-07T19:17:23.685+08:00  INFO 21696 --- [gateway-admin] [           main] c.alibaba.nacos.client.utils.ParamUtil   : PER_TASK_CONFIG_SIZE: 3000.0
2026-03-07T19:17:23.686+08:00  INFO 21696 --- [gateway-admin] [       Thread-2] c.a.n.c.a.r.identify.CredentialWatcher   : null No credential found
2026-03-07T19:17:23.744+08:00  INFO 21696 --- [gateway-admin] [           main] c.a.n.p.a.s.c.ClientAuthPluginManager    : [ClientAuthPluginManager] Load ClientAuthService com.alibaba.nacos.client.auth.impl.NacosClientAuthServiceImpl success.
2026-03-07T19:17:23.745+08:00  INFO 21696 --- [gateway-admin] [           main] c.a.n.p.a.s.c.ClientAuthPluginManager    : [ClientAuthPluginManager] Load ClientAuthService com.alibaba.nacos.client.auth.ram.RamClientAuthServiceImpl success.
2026-03-07T19:17:23.748+08:00  INFO 21696 --- [gateway-admin] [           main] c.e.g.config.NacosConfigManager          : NacosConfigManager initialized, serverAddr: 127.0.0.1:8848, namespace: public (id: )
2026-03-07T19:17:23.833+08:00  INFO 21696 --- [gateway-admin] [           main] c.a.n.c.c.impl.LocalConfigInfoProcessor  : LOCAL_SNAPSHOT_PATH:C:\Users\leoli\nacos\config
2026-03-07T19:17:23.837+08:00  INFO 21696 --- [gateway-admin] [           main] com.alibaba.nacos.common.remote.client   : [RpcClientFactory] create a new rpc client of 265b38b4-1e54-4b0a-b2ad-9286eba54c6b_config-0
2026-03-07T19:17:23.849+08:00  INFO 21696 --- [gateway-admin] [           main] com.alibaba.nacos.common.remote.client   : [265b38b4-1e54-4b0a-b2ad-9286eba54c6b_config-0] Register server push request handler:com.alibaba.nacos.client.config.impl.ClientWorker$ConfigRpcTransportClient$$Lambda$655/0x000002330140e060
2026-03-07T19:17:23.850+08:00  INFO 21696 --- [gateway-admin] [           main] com.alibaba.nacos.common.remote.client   : [265b38b4-1e54-4b0a-b2ad-9286eba54c6b_config-0] Register server push request handler:com.alibaba.nacos.client.config.impl.ClientWorker$ConfigRpcTransportClient$$Lambda$656/0x000002330140e480
2026-03-07T19:17:23.851+08:00  INFO 21696 --- [gateway-admin] [           main] com.alibaba.nacos.common.remote.client   : [265b38b4-1e54-4b0a-b2ad-9286eba54c6b_config-0] Registry connection listener to current client:com.alibaba.nacos.client.config.impl.ClientWorker$ConfigRpcTransportClient$1
2026-03-07T19:17:23.852+08:00  INFO 21696 --- [gateway-admin] [           main] com.alibaba.nacos.common.remote.client   : [265b38b4-1e54-4b0a-b2ad-9286eba54c6b_config-0] RpcClient init, ServerListFactory = com.alibaba.nacos.client.config.impl.ClientWorker$ConfigRpcTransportClient$2
2026-03-07T19:17:23.856+08:00  INFO 21696 --- [gateway-admin] [           main] com.alibaba.nacos.common.remote.client   : [265b38b4-1e54-4b0a-b2ad-9286eba54c6b_config-0] Try to connect to server on start up, server: {serverIp = '127.0.0.1', server main port = 8848}
2026-03-07T19:17:23.884+08:00  INFO 21696 --- [gateway-admin] [           main] c.a.n.c.remote.client.grpc.GrpcClient    : grpc client connection server:127.0.0.1 ip,serverPort:9848,grpcTslConfig:{"sslProvider":"","enableTls":false,"mutualAuthEnable":false,"trustAll":false}
2026-03-07T19:17:24.555+08:00  WARN 21696 --- [gateway-admin] [       Thread-8] c.a.nacos.common.notify.NotifyCenter     : [NotifyCenter] Start destroying Publisher
2026-03-07T19:17:24.556+08:00  WARN 21696 --- [gateway-admin] [       Thread-3] c.a.n.common.http.HttpClientBeanHolder   : [HttpClientBeanHolder] Start destroying common HttpClient
2026-03-07T19:17:24.558+08:00  WARN 21696 --- [gateway-admin] [       Thread-8] c.a.nacos.common.notify.NotifyCenter     : [NotifyCenter] Destruction of the end
2026-03-07T19:17:24.559+08:00  WARN 21696 --- [gateway-admin] [       Thread-3] c.a.n.common.http.HttpClientBeanHolder   : [HttpClientBeanHolder] Destruction of the end
2026-03-07T19:17:24.918+08:00  INFO 21696 --- [gateway-admin] [           main] c.a.n.c.a.AbstractAbilityControlManager  : Ready to get current node abilities...
2026-03-07T19:17:24.919+08:00  INFO 21696 --- [gateway-admin] [           main] c.a.n.c.a.AbstractAbilityControlManager  : Ready to initialize current node abilities, support modes: [SDK_CLIENT]
2026-03-07T19:17:24.920+08:00  INFO 21696 --- [gateway-admin] [           main] c.a.n.c.a.AbstractAbilityControlManager  : Initialize current abilities finish...
2026-03-07T19:17:24.920+08:00  INFO 21696 --- [gateway-admin] [           main] c.a.n.c.a.d.NacosAbilityManagerHolder    : [AbilityControlManager] Successfully initialize AbilityControlManager
2026-03-07T19:17:24.943+08:00  INFO 21696 --- [gateway-admin] [           main] com.alibaba.nacos.common.remote.client   : [265b38b4-1e54-4b0a-b2ad-9286eba54c6b_config-0] Success to connect to server [127.0.0.1:8848] on start up, connectionId = 1772882244834_127.0.0.1_50872
2026-03-07T19:17:24.944+08:00  INFO 21696 --- [gateway-admin] [t.remote.worker] com.alibaba.nacos.common.remote.client   : [265b38b4-1e54-4b0a-b2ad-9286eba54c6b_config-0] Notify connected event to listeners.
2026-03-07T19:17:24.944+08:00  INFO 21696 --- [gateway-admin] [           main] com.alibaba.nacos.common.remote.client   : [265b38b4-1e54-4b0a-b2ad-9286eba54c6b_config-0] Register server push request handler:com.alibaba.nacos.common.remote.client.RpcClient$ConnectResetRequestHandler
2026-03-07T19:17:24.944+08:00  INFO 21696 --- [gateway-admin] [           main] com.alibaba.nacos.common.remote.client   : [265b38b4-1e54-4b0a-b2ad-9286eba54c6b_config-0] Register server push request handler:com.alibaba.nacos.common.remote.client.RpcClient$$Lambda$674/0x0000023301556648
2026-03-07T19:17:24.944+08:00  INFO 21696 --- [gateway-admin] [t.remote.worker] c.a.n.client.config.impl.ClientWorker    : [265b38b4-1e54-4b0a-b2ad-9286eba54c6b_config-0] Connected,notify listen context...
2026-03-07T19:17:24.983+08:00  INFO 21696 --- [gateway-admin] [           main] c.a.nacos.client.config.impl.Limiter     : limitTime:5.0
2026-03-07T19:17:24.999+08:00 DEBUG 21696 --- [gateway-admin] [           main] c.e.g.config.NacosConfigManager          : Got config from Nacos, dataId: gateway-plugins.json, content length: 0
2026-03-07T19:17:25.001+08:00  INFO 21696 --- [gateway-admin] [           main] c.e.gatewayadmin.service.PluginService   : No plugins config found in Nacos, using empty config
2026-03-07T19:17:25.010+08:00 DEBUG 21696 --- [gateway-admin] [           main] c.e.g.config.NacosConfigManager          : Got config from Nacos, dataId: gateway-routes.json, content length: 0
2026-03-07T19:17:25.011+08:00  INFO 21696 --- [gateway-admin] [           main] c.e.gatewayadmin.service.RouteService    : No routes config found in Nacos, using empty config
2026-03-07T19:17:25.020+08:00 DEBUG 21696 --- [gateway-admin] [           main] c.e.g.config.NacosConfigManager          : Got config from Nacos, dataId: gateway-services.json, content length: 0
2026-03-07T19:17:25.020+08:00  INFO 21696 --- [gateway-admin] [           main] c.e.gatewayadmin.service.ServiceManager  : No services config found in Nacos, using empty config
2026-03-07T19:17:25.066+08:00  INFO 21696 --- [gateway-admin] [           main] o.s.b.a.w.s.WelcomePageHandlerMapping    : Adding welcome page template: index
2026-03-07T19:17:25.263+08:00  INFO 21696 --- [gateway-admin] [           main] c.a.cloud.nacos.NacosConfigProperties    : set nacos config namespace 'public' to ''
2026-03-07T19:17:25.290+08:00  INFO 21696 --- [gateway-admin] [           main] c.a.n.p.a.s.c.ClientAuthPluginManager    : [ClientAuthPluginManager] Load ClientAuthService com.alibaba.nacos.client.auth.impl.NacosClientAuthServiceImpl success.
2026-03-07T19:17:25.290+08:00  INFO 21696 --- [gateway-admin] [           main] c.a.n.p.a.s.c.ClientAuthPluginManager    : [ClientAuthPluginManager] Load ClientAuthService com.alibaba.nacos.client.auth.ram.RamClientAuthServiceImpl success.
2026-03-07T19:17:26.486+08:00  INFO 21696 --- [gateway-admin] [           main] o.s.b.w.embedded.tomcat.TomcatWebServer  : Tomcat started on port 8081 (http) with context path ''
2026-03-07T19:17:26.515+08:00  INFO 21696 --- [gateway-admin] [           main] com.alibaba.nacos.client.naming          : initializer namespace from ans.namespace attribute : null
2026-03-07T19:17:26.520+08:00  INFO 21696 --- [gateway-admin] [           main] com.alibaba.nacos.client.naming          : initializer namespace from ALIBABA_ALIWARE_NAMESPACE attribute :null
2026-03-07T19:17:26.520+08:00  INFO 21696 --- [gateway-admin] [           main] com.alibaba.nacos.client.naming          : initializer namespace from namespace attribute :null
2026-03-07T19:17:26.527+08:00  INFO 21696 --- [gateway-admin] [           main] c.a.n.p.a.s.c.ClientAuthPluginManager    : [ClientAuthPluginManager] Load ClientAuthService com.alibaba.nacos.client.auth.impl.NacosClientAuthServiceImpl success.
2026-03-07T19:17:26.527+08:00  INFO 21696 --- [gateway-admin] [           main] c.a.n.p.a.s.c.ClientAuthPluginManager    : [ClientAuthPluginManager] Load ClientAuthService com.alibaba.nacos.client.auth.ram.RamClientAuthServiceImpl success.
2026-03-07T19:17:26.530+08:00  INFO 21696 --- [gateway-admin] [           main] com.alibaba.nacos.common.remote.client   : [RpcClientFactory] create a new rpc client of 59b964cd-6138-476e-8991-5bf33d6f5fb0
2026-03-07T19:17:26.533+08:00  INFO 21696 --- [gateway-admin] [           main] com.alibaba.nacos.client.naming          : Create naming rpc client for uuid->59b964cd-6138-476e-8991-5bf33d6f5fb0
2026-03-07T19:17:26.533+08:00  INFO 21696 --- [gateway-admin] [           main] com.alibaba.nacos.common.remote.client   : [59b964cd-6138-476e-8991-5bf33d6f5fb0] RpcClient init, ServerListFactory = com.alibaba.nacos.client.naming.core.ServerListManager
2026-03-07T19:17:26.535+08:00  INFO 21696 --- [gateway-admin] [           main] com.alibaba.nacos.common.remote.client   : [59b964cd-6138-476e-8991-5bf33d6f5fb0] Registry connection listener to current client:com.alibaba.nacos.client.naming.remote.gprc.redo.NamingGrpcRedoService
2026-03-07T19:17:26.535+08:00  INFO 21696 --- [gateway-admin] [           main] com.alibaba.nacos.common.remote.client   : [59b964cd-6138-476e-8991-5bf33d6f5fb0] Register server push request handler:com.alibaba.nacos.client.naming.remote.gprc.NamingPushRequestHandler
2026-03-07T19:17:26.535+08:00  INFO 21696 --- [gateway-admin] [           main] com.alibaba.nacos.common.remote.client   : [59b964cd-6138-476e-8991-5bf33d6f5fb0] Try to connect to server on start up, server: {serverIp = '127.0.0.1', server main port = 8848}
2026-03-07T19:17:26.535+08:00  INFO 21696 --- [gateway-admin] [           main] c.a.n.c.remote.client.grpc.GrpcClient    : grpc client connection server:127.0.0.1 ip,serverPort:9848,grpcTslConfig:{"sslProvider":"","enableTls":false,"mutualAuthEnable":false,"trustAll":false}
2026-03-07T19:17:26.550+08:00  INFO 21696 --- [gateway-admin] [           main] com.alibaba.nacos.common.remote.client   : [59b964cd-6138-476e-8991-5bf33d6f5fb0] Success to connect to server [127.0.0.1:8848] on start up, connectionId = 1772882246540_127.0.0.1_50874
2026-03-07T19:17:26.550+08:00  INFO 21696 --- [gateway-admin] [           main] com.alibaba.nacos.common.remote.client   : [59b964cd-6138-476e-8991-5bf33d6f5fb0] Register server push request handler:com.alibaba.nacos.common.remote.client.RpcClient$ConnectResetRequestHandler
2026-03-07T19:17:26.550+08:00  INFO 21696 --- [gateway-admin] [           main] com.alibaba.nacos.common.remote.client   : [59b964cd-6138-476e-8991-5bf33d6f5fb0] Register server push request handler:com.alibaba.nacos.common.remote.client.RpcClient$$Lambda$674/0x0000023301556648
2026-03-07T19:17:26.550+08:00  INFO 21696 --- [gateway-admin] [t.remote.worker] com.alibaba.nacos.common.remote.client   : [59b964cd-6138-476e-8991-5bf33d6f5fb0] Notify connected event to listeners.
2026-03-07T19:17:26.550+08:00  INFO 21696 --- [gateway-admin] [t.remote.worker] com.alibaba.nacos.client.naming          : Grpc connection connect
2026-03-07T19:17:26.550+08:00  INFO 21696 --- [gateway-admin] [           main] com.alibaba.nacos.client.naming          : [REGISTER-SERVICE] public registering service gateway-admin with instance Instance{instanceId='null', ip='192.168.1.10', port=8081, weight=1.0, healthy=true, enabled=true, ephemeral=true, clusterName='DEFAULT', serviceName='null', metadata={IPv6=null, preserved.register.source=SPRING_CLOUD}}
2026-03-07T19:17:26.566+08:00  INFO 21696 --- [gateway-admin] [           main] c.a.c.n.registry.NacosServiceRegistry    : nacos registry, DEFAULT_GROUP gateway-admin 192.168.1.10:8081 register finished
2026-03-07T19:17:26.926+08:00  INFO 21696 --- [gateway-admin] [           main] c.e.g.GatewayAdminApplication            : Started GatewayAdminApplication in 5.107 seconds (process running for 5.381)
========================================
  Gateway Admin Console Started!
  API Base URL: http://localhost:8081/api
========================================
2026-03-07T19:17:26.974+08:00  INFO 21696 --- [gateway-admin] [ionShutdownHook] c.a.c.n.registry.NacosServiceRegistry    : De-registering from Nacos Server now...
2026-03-07T19:17:26.975+08:00  INFO 21696 --- [gateway-admin] [ionShutdownHook] com.alibaba.nacos.client.naming          : [DEREGISTER-SERVICE] public deregistering service gateway-admin with instance: Instance{instanceId='null', ip='192.168.1.10', port=8081, weight=1.0, healthy=true, enabled=true, ephemeral=true, clusterName='DEFAULT', serviceName='null', metadata={}}
2026-03-07T19:17:26.980+08:00  INFO 21696 --- [gateway-admin] [ionShutdownHook] c.a.c.n.registry.NacosServiceRegistry    : De-registration finished.
2026-03-07T19:17:26.980+08:00  INFO 21696 --- [gateway-admin] [ionShutdownHook] com.alibaba.nacos.client.naming          : com.alibaba.nacos.client.naming.cache.ServiceInfoHolder do shutdown begin
2026-03-07T19:17:26.980+08:00  INFO 21696 --- [gateway-admin] [ionShutdownHook] com.alibaba.nacos.client.naming          : com.alibaba.nacos.client.naming.backups.FailoverReactor do shutdown begin
2026-03-07T19:17:27.298+08:00  INFO 21696 --- [gateway-admin] [ionShutdownHook] com.alibaba.nacos.client.naming          : com.alibaba.nacos.client.naming.backups.FailoverReactor do shutdown stop
2026-03-07T19:17:27.325+08:00  INFO 21696 --- [gateway-admin] [ionShutdownHook] com.alibaba.nacos.client.naming          : com.alibaba.nacos.client.naming.cache.ServiceInfoHolder do shutdown stop
2026-03-07T19:17:27.325+08:00  INFO 21696 --- [gateway-admin] [ionShutdownHook] com.alibaba.nacos.client.naming          : com.alibaba.nacos.client.naming.remote.NamingClientProxyDelegate do shutdown begin
2026-03-07T19:17:27.325+08:00  INFO 21696 --- [gateway-admin] [ionShutdownHook] com.alibaba.nacos.client.naming          : com.alibaba.nacos.client.naming.core.ServiceInfoUpdateService do shutdown begin
2026-03-07T19:17:27.325+08:00  INFO 21696 --- [gateway-admin] [ionShutdownHook] com.alibaba.nacos.client.naming          : com.alibaba.nacos.client.naming.core.ServiceInfoUpdateService do shutdown stop
2026-03-07T19:17:27.325+08:00  INFO 21696 --- [gateway-admin] [ionShutdownHook] com.alibaba.nacos.client.naming          : com.alibaba.nacos.client.naming.core.ServerListManager do shutdown begin
2026-03-07T19:17:27.325+08:00  WARN 21696 --- [gateway-admin] [ionShutdownHook] com.alibaba.nacos.client.naming          : [NamingHttpClientManager] Start destroying NacosRestTemplate
2026-03-07T19:17:27.325+08:00  WARN 21696 --- [gateway-admin] [ionShutdownHook] com.alibaba.nacos.client.naming          : [NamingHttpClientManager] Destruction of the end
2026-03-07T19:17:27.328+08:00  INFO 21696 --- [gateway-admin] [ionShutdownHook] com.alibaba.nacos.client.naming          : com.alibaba.nacos.client.naming.core.ServerListManager do shutdown stop
2026-03-07T19:17:27.328+08:00  INFO 21696 --- [gateway-admin] [ionShutdownHook] com.alibaba.nacos.client.naming          : com.alibaba.nacos.client.naming.remote.http.NamingHttpClientProxy do shutdown begin
2026-03-07T19:17:27.328+08:00  WARN 21696 --- [gateway-admin] [ionShutdownHook] com.alibaba.nacos.client.naming          : [NamingHttpClientManager] Start destroying NacosRestTemplate
2026-03-07T19:17:27.328+08:00  WARN 21696 --- [gateway-admin] [ionShutdownHook] com.alibaba.nacos.client.naming          : [NamingHttpClientManager] Destruction of the end
2026-03-07T19:17:27.328+08:00  INFO 21696 --- [gateway-admin] [ionShutdownHook] com.alibaba.nacos.client.naming          : com.alibaba.nacos.client.naming.remote.http.NamingHttpClientProxy do shutdown stop
2026-03-07T19:17:27.328+08:00  INFO 21696 --- [gateway-admin] [ionShutdownHook] com.alibaba.nacos.client.naming          : Shutdown naming grpc client proxy for  uuid->59b964cd-6138-476e-8991-5bf33d6f5fb0
2026-03-07T19:17:27.328+08:00  INFO 21696 --- [gateway-admin] [ionShutdownHook] com.alibaba.nacos.client.naming          : Shutdown grpc redo service executor java.util.concurrent.ScheduledThreadPoolExecutor@7ce73ac9[Running, pool size = 1, active threads = 0, queued tasks = 1, completed tasks = 0]
2026-03-07T19:17:27.328+08:00  INFO 21696 --- [gateway-admin] [ionShutdownHook] com.alibaba.nacos.common.remote.client   : Shutdown rpc client, set status to shutdown
2026-03-07T19:17:27.328+08:00  INFO 21696 --- [gateway-admin] [ionShutdownHook] com.alibaba.nacos.common.remote.client   : Shutdown client event executor java.util.concurrent.ScheduledThreadPoolExecutor@42400559[Running, pool size = 2, active threads = 2, queued tasks = 0, completed tasks = 0]
2026-03-07T19:17:27.328+08:00  INFO 21696 --- [gateway-admin] [ionShutdownHook] com.alibaba.nacos.common.remote.client   : Close current connection 1772882246540_127.0.0.1_50874
2026-03-07T19:17:27.334+08:00  INFO 21696 --- [gateway-admin] [tor-127.0.0.1-8] c.a.n.c.remote.client.grpc.GrpcClient    : [1772882246540_127.0.0.1_50874]Ignore complete event,isRunning:false,isAbandon=false
2026-03-07T19:17:27.334+08:00  INFO 21696 --- [gateway-admin] [ionShutdownHook] c.a.n.c.remote.client.grpc.GrpcClient    : Shutdown grpc executor java.util.concurrent.ThreadPoolExecutor@7684909c[Running, pool size = 9, active threads = 0, queued tasks = 0, completed tasks = 9]
2026-03-07T19:17:27.334+08:00  INFO 21696 --- [gateway-admin] [ionShutdownHook] com.alibaba.nacos.client.naming          : shutdown and remove naming rpc client  for uuid ->59b964cd-6138-476e-8991-5bf33d6f5fb0
2026-03-07T19:17:27.334+08:00  INFO 21696 --- [gateway-admin] [ionShutdownHook] c.a.n.c.a.r.identify.CredentialWatcher   : [null] CredentialWatcher is stopped
2026-03-07T19:17:27.334+08:00  INFO 21696 --- [gateway-admin] [ionShutdownHook] c.a.n.c.a.r.identify.CredentialService   : [null] CredentialService is freed
2026-03-07T19:17:27.334+08:00  INFO 21696 --- [gateway-admin] [ionShutdownHook] com.alibaba.nacos.client.naming          : com.alibaba.nacos.client.naming.remote.NamingClientProxyDelegate do shutdown stop
2026-03-07T19:17:27.334+08:00  INFO 21696 --- [gateway-admin] [ionShutdownHook] c.a.n.client.config.impl.ClientWorker    : com.alibaba.nacos.client.config.impl.ClientWorker do shutdown begin
2026-03-07T19:17:27.339+08:00  INFO 21696 --- [gateway-admin] [ionShutdownHook] c.a.n.client.config.impl.ClientWorker    : Trying to shutdown transport client com.alibaba.nacos.client.config.impl.ClientWorker$ConfigRpcTransportClient@6bebceca
2026-03-07T19:17:27.339+08:00  INFO 21696 --- [gateway-admin] [ionShutdownHook] c.a.n.client.config.impl.ClientWorker    : Trying to shutdown rpc client 265b38b4-1e54-4b0a-b2ad-9286eba54c6b_config-0
2026-03-07T19:17:27.339+08:00  INFO 21696 --- [gateway-admin] [ionShutdownHook] com.alibaba.nacos.common.remote.client   : Shutdown rpc client, set status to shutdown
2026-03-07T19:17:27.339+08:00  INFO 21696 --- [gateway-admin] [ionShutdownHook] com.alibaba.nacos.common.remote.client   : Shutdown client event executor java.util.concurrent.ScheduledThreadPoolExecutor@44249c57[Running, pool size = 2, active threads = 2, queued tasks = 0, completed tasks = 0]
2026-03-07T19:17:27.339+08:00  INFO 21696 --- [gateway-admin] [ionShutdownHook] com.alibaba.nacos.common.remote.client   : Close current connection 1772882244834_127.0.0.1_50872
2026-03-07T19:17:27.339+08:00  INFO 21696 --- [gateway-admin] [ionShutdownHook] c.a.n.c.remote.client.grpc.GrpcClient    : Shutdown grpc executor java.util.concurrent.ThreadPoolExecutor@5446c8ce[Running, pool size = 11, active threads = 0, queued tasks = 0, completed tasks = 11]
2026-03-07T19:17:27.339+08:00  INFO 21696 --- [gateway-admin] [ionShutdownHook] c.a.n.client.config.impl.ClientWorker    : Remove rpc client 265b38b4-1e54-4b0a-b2ad-9286eba54c6b_config-0
2026-03-07T19:17:27.339+08:00  INFO 21696 --- [gateway-admin] [ionShutdownHook] c.a.n.client.config.impl.ClientWorker    : Shutdown executor java.util.concurrent.ScheduledThreadPoolExecutor@694b2aa[Running, pool size = 3, active threads = 1, queued tasks = 1, completed tasks = 1]
2026-03-07T19:17:27.339+08:00  INFO 21696 --- [gateway-admin] [ionShutdownHook] c.a.n.client.config.impl.ClientWorker    : com.alibaba.nacos.client.config.impl.ClientWorker do shutdown stop
2026-03-07T19:17:27.339+08:00  INFO 21696 --- [gateway-admin] [ionShutdownHook] c.e.g.config.NacosConfigManager          : NacosConfigManager destroyed
[INFO] ------------------------------------------------------------------------
[INFO] BUILD SUCCESS
[INFO] ------------------------------------------------------------------------
[INFO] Total time:  8.346 s
[INFO] Finished at: 2026-03-07T19:17:27+08:00
[INFO] ------------------------------------------------------------------------
ÖŐÖąĹú´¦Ŕí˛Ů×÷Âđ(Y/N)? 