[INFO] Scanning for projects...
[INFO] 
[INFO] ---------------------< com.example:gateway-admin >----------------------
[INFO] Building gateway-admin 1.0.0
[INFO] --------------------------------[ jar ]---------------------------------
[INFO] 
[INFO] >>> spring-boot-maven-plugin:3.2.0:run (default-cli) > test-compile @ gateway-admin >>>
[INFO] 
[INFO] --- maven-resources-plugin:3.3.1:resources (default-resources) @ gateway-admin ---
[INFO] Copying 1 resource from src\main\resources to target\classes
[INFO] Copying 2 resources from src\main\resources to target\classes
[INFO] 
[INFO] --- maven-compiler-plugin:3.11.0:compile (default-compile) @ gateway-admin ---
[INFO] Nothing to compile - all classes are up to date
[INFO] 
[INFO] --- maven-resources-plugin:3.3.1:testResources (default-testResources) @ gateway-admin ---
[INFO] skip non existing resourceDirectory D:\source\gateway-admin\src\test\resources
[INFO] 
[INFO] --- maven-compiler-plugin:3.11.0:testCompile (default-testCompile) @ gateway-admin ---
[INFO] No sources to compile
[INFO] 
[INFO] <<< spring-boot-maven-plugin:3.2.0:run (default-cli) < test-compile @ gateway-admin <<<
[INFO] 
[INFO] 
[INFO] --- spring-boot-maven-plugin:3.2.0:run (default-cli) @ gateway-admin ---
[INFO] Attaching agents: []

  .   ____          _            __ _ _
 /\\ / ___'_ __ _ _(_)_ __  __ _ \ \ \ \
( ( )\___ | '_ | '_| | '_ \/ _` | \ \ \ \
 \\/  ___)| |_)| | | | | || (_| |  ) ) ) )
  '  |____| .__|_| |_|_| |_\__, | / / / /
 =========|_|==============|___/=/_/_/_/
 :: Spring Boot ::                (v3.2.0)

2026-03-07T17:21:16.501+08:00  INFO 13184 --- [gateway-admin] [           main] c.e.g.GatewayAdminApplication            : Starting GatewayAdminApplication using Java 17.0.12 with PID 13184 (D:\source\gateway-admin\target\classes started by leoli in D:\source\gateway-admin)
2026-03-07T17:21:16.505+08:00 DEBUG 13184 --- [gateway-admin] [           main] c.e.g.GatewayAdminApplication            : Running with Spring Boot v3.2.0, Spring v6.1.1
2026-03-07T17:21:16.505+08:00  INFO 13184 --- [gateway-admin] [           main] c.e.g.GatewayAdminApplication            : The following 1 profile is active: "dev"
2026-03-07T17:21:17.136+08:00  INFO 13184 --- [gateway-admin] [           main] o.s.cloud.context.scope.GenericScope     : BeanFactory id=04a9540a-b364-36a1-8c21-cc14dbb31ecb
2026-03-07T17:21:17.408+08:00  INFO 13184 --- [gateway-admin] [           main] o.s.b.w.embedded.tomcat.TomcatWebServer  : Tomcat initialized with port 8081 (http)
2026-03-07T17:21:17.417+08:00  INFO 13184 --- [gateway-admin] [           main] o.apache.catalina.core.StandardService   : Starting service [Tomcat]
2026-03-07T17:21:17.417+08:00  INFO 13184 --- [gateway-admin] [           main] o.apache.catalina.core.StandardEngine    : Starting Servlet engine: [Apache Tomcat/10.1.16]
2026-03-07T17:21:17.469+08:00  INFO 13184 --- [gateway-admin] [           main] o.a.c.c.C.[Tomcat].[localhost].[/]       : Initializing Spring embedded WebApplicationContext
2026-03-07T17:21:17.469+08:00  INFO 13184 --- [gateway-admin] [           main] w.s.c.ServletWebServerApplicationContext : Root WebApplicationContext: initialization completed in 916 ms
2026-03-07T17:21:17.521+08:00  INFO 13184 --- [gateway-admin] [           main] c.alibaba.nacos.client.utils.ParamUtil   : [settings] [req-serv] nacos-server port:8848
2026-03-07T17:21:17.521+08:00  INFO 13184 --- [gateway-admin] [           main] c.alibaba.nacos.client.utils.ParamUtil   : [settings] [http-client] connect timeout:1000
2026-03-07T17:21:17.521+08:00  INFO 13184 --- [gateway-admin] [           main] c.alibaba.nacos.client.utils.ParamUtil   : PER_TASK_CONFIG_SIZE: 3000.0
2026-03-07T17:21:17.525+08:00  INFO 13184 --- [gateway-admin] [       Thread-2] c.a.n.c.a.r.identify.CredentialWatcher   : null No credential found
2026-03-07T17:21:17.550+08:00  INFO 13184 --- [gateway-admin] [           main] c.a.n.p.a.s.c.ClientAuthPluginManager    : [ClientAuthPluginManager] Load ClientAuthService com.alibaba.nacos.client.auth.impl.NacosClientAuthServiceImpl success.
2026-03-07T17:21:17.550+08:00  INFO 13184 --- [gateway-admin] [           main] c.a.n.p.a.s.c.ClientAuthPluginManager    : [ClientAuthPluginManager] Load ClientAuthService com.alibaba.nacos.client.auth.ram.RamClientAuthServiceImpl success.
2026-03-07T17:21:17.550+08:00  INFO 13184 --- [gateway-admin] [           main] c.e.g.config.NacosConfigManager          : NacosConfigManager initialized, serverAddr: 127.0.0.1:8848, namespace: public
2026-03-07T17:21:17.564+08:00  INFO 13184 --- [gateway-admin] [           main] c.a.n.c.c.impl.LocalConfigInfoProcessor  : LOCAL_SNAPSHOT_PATH:C:\Users\leoli\nacos\config
2026-03-07T17:21:17.564+08:00  INFO 13184 --- [gateway-admin] [           main] com.alibaba.nacos.common.remote.client   : [RpcClientFactory] create a new rpc client of 7640b661-728d-48ea-85be-7a5eaf5b2f66_config-0
2026-03-07T17:21:17.587+08:00  INFO 13184 --- [gateway-admin] [           main] com.alibaba.nacos.common.remote.client   : [7640b661-728d-48ea-85be-7a5eaf5b2f66_config-0] Register server push request handler:com.alibaba.nacos.client.config.impl.ClientWorker$ConfigRpcTransportClient$$Lambda$655/0x000001bb1440e060
2026-03-07T17:21:17.587+08:00  INFO 13184 --- [gateway-admin] [           main] com.alibaba.nacos.common.remote.client   : [7640b661-728d-48ea-85be-7a5eaf5b2f66_config-0] Register server push request handler:com.alibaba.nacos.client.config.impl.ClientWorker$ConfigRpcTransportClient$$Lambda$656/0x000001bb1440e480
2026-03-07T17:21:17.587+08:00  INFO 13184 --- [gateway-admin] [           main] com.alibaba.nacos.common.remote.client   : [7640b661-728d-48ea-85be-7a5eaf5b2f66_config-0] Registry connection listener to current client:com.alibaba.nacos.client.config.impl.ClientWorker$ConfigRpcTransportClient$1
2026-03-07T17:21:17.587+08:00  INFO 13184 --- [gateway-admin] [           main] com.alibaba.nacos.common.remote.client   : [7640b661-728d-48ea-85be-7a5eaf5b2f66_config-0] RpcClient init, ServerListFactory = com.alibaba.nacos.client.config.impl.ClientWorker$ConfigRpcTransportClient$2
2026-03-07T17:21:17.593+08:00  INFO 13184 --- [gateway-admin] [           main] com.alibaba.nacos.common.remote.client   : [7640b661-728d-48ea-85be-7a5eaf5b2f66_config-0] Try to connect to server on start up, server: {serverIp = '127.0.0.1', server main port = 8848}
2026-03-07T17:21:17.614+08:00  INFO 13184 --- [gateway-admin] [           main] c.a.n.c.remote.client.grpc.GrpcClient    : grpc client connection server:127.0.0.1 ip,serverPort:9848,grpcTslConfig:{"sslProvider":"","enableTls":false,"mutualAuthEnable":false,"trustAll":false}
2026-03-07T17:21:18.399+08:00  INFO 13184 --- [gateway-admin] [           main] c.a.n.c.a.AbstractAbilityControlManager  : Ready to get current node abilities...
2026-03-07T17:21:18.399+08:00  INFO 13184 --- [gateway-admin] [           main] c.a.n.c.a.AbstractAbilityControlManager  : Ready to initialize current node abilities, support modes: [SDK_CLIENT]
2026-03-07T17:21:18.399+08:00  INFO 13184 --- [gateway-admin] [           main] c.a.n.c.a.AbstractAbilityControlManager  : Initialize current abilities finish...
2026-03-07T17:21:18.399+08:00  INFO 13184 --- [gateway-admin] [           main] c.a.n.c.a.d.NacosAbilityManagerHolder    : [AbilityControlManager] Successfully initialize AbilityControlManager
2026-03-07T17:21:18.419+08:00  INFO 13184 --- [gateway-admin] [           main] com.alibaba.nacos.common.remote.client   : [7640b661-728d-48ea-85be-7a5eaf5b2f66_config-0] Success to connect to server [127.0.0.1:8848] on start up, connectionId = 1772875278336_127.0.0.1_50623
2026-03-07T17:21:18.419+08:00  INFO 13184 --- [gateway-admin] [t.remote.worker] com.alibaba.nacos.common.remote.client   : [7640b661-728d-48ea-85be-7a5eaf5b2f66_config-0] Notify connected event to listeners.
2026-03-07T17:21:18.419+08:00  INFO 13184 --- [gateway-admin] [t.remote.worker] c.a.n.client.config.impl.ClientWorker    : [7640b661-728d-48ea-85be-7a5eaf5b2f66_config-0] Connected,notify listen context...
2026-03-07T17:21:18.419+08:00  INFO 13184 --- [gateway-admin] [           main] com.alibaba.nacos.common.remote.client   : [7640b661-728d-48ea-85be-7a5eaf5b2f66_config-0] Register server push request handler:com.alibaba.nacos.common.remote.client.RpcClient$ConnectResetRequestHandler
2026-03-07T17:21:18.419+08:00  INFO 13184 --- [gateway-admin] [           main] com.alibaba.nacos.common.remote.client   : [7640b661-728d-48ea-85be-7a5eaf5b2f66_config-0] Register server push request handler:com.alibaba.nacos.common.remote.client.RpcClient$$Lambda$673/0x000001bb14555b10
2026-03-07T17:21:18.447+08:00  INFO 13184 --- [gateway-admin] [           main] c.a.nacos.client.config.impl.Limiter     : limitTime:5.0
2026-03-07T17:21:18.467+08:00 DEBUG 13184 --- [gateway-admin] [           main] c.e.g.config.NacosConfigManager          : Got config from Nacos, dataId: gateway-plugins.json, content length: 0
2026-03-07T17:21:18.467+08:00  INFO 13184 --- [gateway-admin] [           main] c.e.gatewayadmin.service.PluginService   : No plugins config found in Nacos, using empty config
2026-03-07T17:21:18.476+08:00 DEBUG 13184 --- [gateway-admin] [           main] c.e.g.config.NacosConfigManager          : Got config from Nacos, dataId: gateway-routes.json, content length: 0
2026-03-07T17:21:18.476+08:00  INFO 13184 --- [gateway-admin] [           main] c.e.gatewayadmin.service.RouteService    : No routes config found in Nacos, using empty config
2026-03-07T17:21:18.485+08:00 DEBUG 13184 --- [gateway-admin] [           main] c.e.g.config.NacosConfigManager          : Got config from Nacos, dataId: gateway-services.json, content length: 0
2026-03-07T17:21:18.485+08:00  INFO 13184 --- [gateway-admin] [           main] c.e.gatewayadmin.service.ServiceManager  : No services config found in Nacos, using empty config
2026-03-07T17:21:18.515+08:00  INFO 13184 --- [gateway-admin] [           main] o.s.b.a.w.s.WelcomePageHandlerMapping    : Adding welcome page template: index
2026-03-07T17:21:18.811+08:00  INFO 13184 --- [gateway-admin] [           main] c.a.cloud.nacos.NacosConfigProperties    : set nacos config namespace 'public' to ''
2026-03-07T17:21:18.818+08:00  INFO 13184 --- [gateway-admin] [           main] c.a.n.p.a.s.c.ClientAuthPluginManager    : [ClientAuthPluginManager] Load ClientAuthService com.alibaba.nacos.client.auth.impl.NacosClientAuthServiceImpl success.
2026-03-07T17:21:18.818+08:00  INFO 13184 --- [gateway-admin] [           main] c.a.n.p.a.s.c.ClientAuthPluginManager    : [ClientAuthPluginManager] Load ClientAuthService com.alibaba.nacos.client.auth.ram.RamClientAuthServiceImpl success.
2026-03-07T17:21:19.767+08:00  INFO 13184 --- [gateway-admin] [           main] o.s.b.w.embedded.tomcat.TomcatWebServer  : Tomcat started on port 8081 (http) with context path ''
2026-03-07T17:21:19.767+08:00  INFO 13184 --- [gateway-admin] [           main] com.alibaba.nacos.client.naming          : initializer namespace from ans.namespace attribute : null
2026-03-07T17:21:19.767+08:00  INFO 13184 --- [gateway-admin] [           main] com.alibaba.nacos.client.naming          : initializer namespace from ALIBABA_ALIWARE_NAMESPACE attribute :null
2026-03-07T17:21:19.767+08:00  INFO 13184 --- [gateway-admin] [           main] com.alibaba.nacos.client.naming          : initializer namespace from namespace attribute :null
2026-03-07T17:21:19.784+08:00  INFO 13184 --- [gateway-admin] [           main] c.a.n.p.a.s.c.ClientAuthPluginManager    : [ClientAuthPluginManager] Load ClientAuthService com.alibaba.nacos.client.auth.impl.NacosClientAuthServiceImpl success.
2026-03-07T17:21:19.784+08:00  INFO 13184 --- [gateway-admin] [           main] c.a.n.p.a.s.c.ClientAuthPluginManager    : [ClientAuthPluginManager] Load ClientAuthService com.alibaba.nacos.client.auth.ram.RamClientAuthServiceImpl success.
2026-03-07T17:21:19.784+08:00  INFO 13184 --- [gateway-admin] [           main] com.alibaba.nacos.common.remote.client   : [RpcClientFactory] create a new rpc client of 0aef3857-5059-450d-ae96-49da7dbea88a
2026-03-07T17:21:19.784+08:00  INFO 13184 --- [gateway-admin] [           main] com.alibaba.nacos.client.naming          : Create naming rpc client for uuid->0aef3857-5059-450d-ae96-49da7dbea88a
2026-03-07T17:21:19.784+08:00  INFO 13184 --- [gateway-admin] [           main] com.alibaba.nacos.common.remote.client   : [0aef3857-5059-450d-ae96-49da7dbea88a] RpcClient init, ServerListFactory = com.alibaba.nacos.client.naming.core.ServerListManager
2026-03-07T17:21:19.784+08:00  INFO 13184 --- [gateway-admin] [           main] com.alibaba.nacos.common.remote.client   : [0aef3857-5059-450d-ae96-49da7dbea88a] Registry connection listener to current client:com.alibaba.nacos.client.naming.remote.gprc.redo.NamingGrpcRedoService
2026-03-07T17:21:19.784+08:00  INFO 13184 --- [gateway-admin] [           main] com.alibaba.nacos.common.remote.client   : [0aef3857-5059-450d-ae96-49da7dbea88a] Register server push request handler:com.alibaba.nacos.client.naming.remote.gprc.NamingPushRequestHandler
2026-03-07T17:21:19.784+08:00  INFO 13184 --- [gateway-admin] [           main] com.alibaba.nacos.common.remote.client   : [0aef3857-5059-450d-ae96-49da7dbea88a] Try to connect to server on start up, server: {serverIp = '127.0.0.1', server main port = 8848}
2026-03-07T17:21:19.784+08:00  INFO 13184 --- [gateway-admin] [           main] c.a.n.c.remote.client.grpc.GrpcClient    : grpc client connection server:127.0.0.1 ip,serverPort:9848,grpcTslConfig:{"sslProvider":"","enableTls":false,"mutualAuthEnable":false,"trustAll":false}
2026-03-07T17:21:19.798+08:00  INFO 13184 --- [gateway-admin] [           main] com.alibaba.nacos.common.remote.client   : [0aef3857-5059-450d-ae96-49da7dbea88a] Success to connect to server [127.0.0.1:8848] on start up, connectionId = 1772875279784_127.0.0.1_50675
2026-03-07T17:21:19.798+08:00  INFO 13184 --- [gateway-admin] [           main] com.alibaba.nacos.common.remote.client   : [0aef3857-5059-450d-ae96-49da7dbea88a] Register server push request handler:com.alibaba.nacos.common.remote.client.RpcClient$ConnectResetRequestHandler
2026-03-07T17:21:19.798+08:00  INFO 13184 --- [gateway-admin] [           main] com.alibaba.nacos.common.remote.client   : [0aef3857-5059-450d-ae96-49da7dbea88a] Register server push request handler:com.alibaba.nacos.common.remote.client.RpcClient$$Lambda$673/0x000001bb14555b10
2026-03-07T17:21:19.798+08:00  INFO 13184 --- [gateway-admin] [t.remote.worker] com.alibaba.nacos.common.remote.client   : [0aef3857-5059-450d-ae96-49da7dbea88a] Notify connected event to listeners.
2026-03-07T17:21:19.798+08:00  INFO 13184 --- [gateway-admin] [t.remote.worker] com.alibaba.nacos.client.naming          : Grpc connection connect
2026-03-07T17:21:19.801+08:00  INFO 13184 --- [gateway-admin] [           main] com.alibaba.nacos.client.naming          : [REGISTER-SERVICE] public registering service gateway-admin with instance Instance{instanceId='null', ip='30.178.97.6', port=8081, weight=1.0, healthy=true, enabled=true, ephemeral=true, clusterName='DEFAULT', serviceName='null', metadata={IPv6=null, preserved.register.source=SPRING_CLOUD}}
2026-03-07T17:21:19.814+08:00  INFO 13184 --- [gateway-admin] [           main] c.a.c.n.registry.NacosServiceRegistry    : nacos registry, DEFAULT_GROUP gateway-admin 30.178.97.6:8081 register finished
2026-03-07T17:21:20.101+08:00  INFO 13184 --- [gateway-admin] [           main] c.e.g.GatewayAdminApplication            : Started GatewayAdminApplication in 4.321 seconds (process running for 4.603)
========================================
  Gateway Admin Console Started!
  API Base URL: http://localhost:8081/api
========================================
2026-03-07T17:22:27.727+08:00  INFO 13184 --- [gateway-admin] [nio-8081-exec-1] o.a.c.c.C.[Tomcat].[localhost].[/]       : Initializing Spring DispatcherServlet 'dispatcherServlet'
2026-03-07T17:22:27.727+08:00  INFO 13184 --- [gateway-admin] [nio-8081-exec-1] o.s.web.servlet.DispatcherServlet        : Initializing Servlet 'dispatcherServlet'
2026-03-07T17:22:27.731+08:00  INFO 13184 --- [gateway-admin] [nio-8081-exec-1] o.s.web.servlet.DispatcherServlet        : Completed initialization in 4 ms
2026-03-07T18:33:25.285+08:00  INFO 13184 --- [gateway-admin] [or-127.0.0.1-53] com.alibaba.nacos.common.remote.client   : [7640b661-728d-48ea-85be-7a5eaf5b2f66_config-0] Receive server push request, request = ClientDetectionRequest, requestId = 1
2026-03-07T18:33:25.285+08:00  INFO 13184 --- [gateway-admin] [or-127.0.0.1-53] com.alibaba.nacos.common.remote.client   : [7640b661-728d-48ea-85be-7a5eaf5b2f66_config-0] Ack server push request, request = ClientDetectionRequest, requestId = 1
2026-03-07T18:34:25.317+08:00  INFO 13184 --- [gateway-admin] [nio-8081-exec-7] c.e.g.controller.ServiceController       : Registering service: user-service
2026-03-07T18:34:25.505+08:00  INFO 13184 --- [gateway-admin] [nio-8081-exec-7] c.a.n.client.config.impl.ClientWorker    : [fixed-public-127.0.0.1_8848] [publish-single] ok, dataId=gateway-services.json, group=DEFAULT_GROUP, tenant=public, config={
  "version" : "1.0",
  "services" : [ {
    "name" : "user-service",
    "description" : null,...
2026-03-07T18:34:25.507+08:00  INFO 13184 --- [gateway-admin] [nio-8081-exec-7] c.e.g.config.NacosConfigManager          : Published config to Nacos, dataId: gateway-services.json
2026-03-07T18:34:53.949+08:00  INFO 13184 --- [gateway-admin] [nio-8081-exec-9] c.e.g.controller.RouteController         : Creating route: user-route
2026-03-07T18:34:53.976+08:00  INFO 13184 --- [gateway-admin] [nio-8081-exec-9] c.a.n.client.config.impl.ClientWorker    : [fixed-public-127.0.0.1_8848] [publish-single] ok, dataId=gateway-routes.json, group=DEFAULT_GROUP, tenant=public, config={
  "version" : "1.0",
  "routes" : [ {
    "id" : "user-route",
    "order" : 0,
    "uri" : "...
2026-03-07T18:34:53.976+08:00  INFO 13184 --- [gateway-admin] [nio-8081-exec-9] c.e.g.config.NacosConfigManager          : Published config to Nacos, dataId: gateway-routes.json
[INFO] ------------------------------------------------------------------------
[INFO] BUILD FAILURE
[INFO] ------------------------------------------------------------------------
[INFO] Total time:  01:55 h
[INFO] Finished at: 2026-03-07T19:16:33+08:00
[INFO] ------------------------------------------------------------------------
[ERROR] Failed to execute goal org.springframework.boot:spring-boot-maven-plugin:3.2.0:run (default-cli) on project gateway-admin: Process terminated with exit code: 1 -> [Help 1]
[ERROR] 
[ERROR] To see the full stack trace of the errors, re-run Maven with the -e switch.
[ERROR] Re-run Maven using the -X switch to enable full debug logging.
[ERROR] 
[ERROR] For more information about the errors and possible solutions, please read the following articles:
[ERROR] [Help 1] http://cwiki.apache.org/confluence/display/MAVEN/MojoExecutionException
